2016-11-11 17:42:33 INFO main election path not exists,try create it
2016-11-11 17:42:33 INFO main election path created
2016-11-11 17:42:33 INFO main curator framework init ok
2016-11-11 17:42:33 INFO Curator-LeaderSelector-0 take leadership!
2016-11-11 17:42:33 INFO Thread-1 I'M WORKING
2016-11-11 17:42:43 INFO Thread-1 I'M WORKING
2016-11-11 17:42:53 INFO Thread-1 I'M WORKING
2016-11-11 17:43:03 INFO Thread-1 I'M WORKING
2016-11-11 17:43:13 INFO Thread-1 I'M WORKING
2016-11-11 17:43:23 INFO Thread-1 I'M WORKING
2016-11-11 17:43:33 INFO Thread-1 I'M WORKING
2016-11-11 17:43:43 INFO Thread-1 I'M WORKING
2016-11-11 17:43:53 INFO Thread-1 I'M WORKING
2016-11-11 17:44:03 INFO Thread-1 I'M WORKING
2016-11-11 17:44:13 INFO Curator-ConnectionStateManager-0 CancelLeadershipException,try to release leadership
2016-11-11 17:44:13 INFO Curator-ConnectionStateManager-0 begin stop current thread
2016-11-11 17:44:13 INFO Thread-1 working thread interrupted,stop working.
2016-11-11 17:44:13 INFO Curator-ConnectionStateManager-0 stop current thread successfully
2016-11-11 17:44:13 INFO Curator-ConnectionStateManager-0 release leadership successfully
2016-11-11 17:44:55 INFO Curator-LeaderSelector-0 take leadership!
2016-11-11 17:44:55 INFO Thread-2 I'M WORKING
2016-11-11 17:45:05 INFO Thread-2 I'M WORKING
2016-11-11 17:45:15 INFO Thread-2 I'M WORKING
2016-11-11 17:45:25 INFO Thread-2 I'M WORKING
2016-11-11 17:45:35 INFO Thread-2 I'M WORKING
2016-11-11 17:45:45 INFO Thread-2 I'M WORKING
2016-11-11 17:45:55 INFO Thread-2 I'M WORKING
2016-11-11 17:46:05 INFO Thread-2 I'M WORKING
2016-11-11 17:46:15 INFO Thread-2 I'M WORKING
2016-11-11 17:46:25 INFO Thread-2 I'M WORKING
2016-11-11 17:46:35 INFO Thread-2 I'M WORKING
2016-11-11 17:46:45 INFO Thread-2 I'M WORKING
2016-11-11 17:46:55 INFO Thread-2 I'M WORKING
2016-11-11 17:47:05 INFO Thread-2 I'M WORKING
2016-11-11 17:47:15 INFO Thread-2 I'M WORKING
2016-11-11 17:47:25 INFO Thread-2 I'M WORKING
2016-11-11 17:47:35 INFO Thread-2 I'M WORKING
2016-11-11 17:47:45 INFO Thread-2 I'M WORKING
2016-11-11 17:47:55 INFO Thread-2 I'M WORKING
2016-11-11 17:48:05 INFO Thread-2 I'M WORKING
2016-11-11 17:48:15 INFO Thread-2 I'M WORKING
2016-11-11 17:48:25 INFO Thread-2 I'M WORKING
2016-11-11 17:48:35 INFO Thread-2 I'M WORKING
2016-11-11 17:48:45 INFO Thread-2 I'M WORKING
2016-11-11 17:48:55 INFO Thread-2 I'M WORKING
2016-11-11 17:49:05 INFO Thread-2 I'M WORKING
2016-11-11 17:49:15 INFO Thread-2 I'M WORKING
2016-11-11 17:49:25 INFO Thread-2 I'M WORKING
2016-11-11 17:49:35 INFO Thread-2 I'M WORKING
2016-11-11 17:49:45 INFO Thread-2 I'M WORKING
2016-11-11 17:49:55 INFO Thread-2 I'M WORKING
2016-11-11 17:50:05 INFO Thread-2 I'M WORKING
2016-11-11 17:50:15 INFO Thread-2 I'M WORKING
2016-11-11 17:50:25 INFO Thread-2 I'M WORKING
2016-11-11 17:50:35 INFO Thread-2 I'M WORKING
2016-11-11 17:50:45 INFO Thread-2 I'M WORKING
2016-11-11 17:50:55 INFO Thread-2 I'M WORKING
2016-11-11 17:51:05 INFO Thread-2 I'M WORKING
2016-11-11 17:51:15 INFO Thread-2 I'M WORKING
2016-11-11 17:51:25 INFO Thread-2 I'M WORKING
2016-11-11 17:51:35 INFO Thread-2 I'M WORKING
2016-11-11 17:51:45 INFO Thread-2 I'M WORKING
2016-11-11 17:51:55 INFO Thread-2 I'M WORKING
2016-11-11 17:52:05 INFO Thread-2 I'M WORKING
2016-11-11 17:52:15 INFO Thread-2 I'M WORKING
2016-11-11 17:52:25 INFO Thread-2 I'M WORKING
2016-11-11 17:52:35 INFO Thread-2 I'M WORKING
2016-11-11 17:52:45 INFO Thread-2 I'M WORKING
2016-11-11 17:52:55 INFO Thread-2 I'M WORKING
2016-11-11 17:53:05 INFO Thread-2 I'M WORKING
2016-11-11 17:53:15 INFO Thread-2 I'M WORKING
2016-11-11 17:53:25 INFO Thread-2 I'M WORKING
2016-11-11 17:53:35 INFO Thread-2 I'M WORKING
2016-11-11 17:53:45 INFO Thread-2 I'M WORKING
2016-11-11 17:53:55 INFO Thread-2 I'M WORKING
2016-11-11 17:54:05 INFO Thread-2 I'M WORKING
2016-11-11 17:54:15 INFO Thread-2 I'M WORKING
2016-11-11 17:54:25 INFO Thread-2 I'M WORKING
2016-11-11 17:54:35 INFO Thread-2 I'M WORKING
2016-11-11 17:54:45 INFO Thread-2 I'M WORKING
2016-11-11 17:54:55 INFO Thread-2 I'M WORKING
2016-11-11 17:55:05 INFO Thread-2 I'M WORKING
2016-11-11 17:55:15 INFO Thread-2 I'M WORKING
2016-11-11 17:55:25 INFO Thread-2 I'M WORKING
2016-11-11 17:55:35 INFO Thread-2 I'M WORKING
2016-11-11 17:55:45 INFO Thread-2 I'M WORKING
2016-11-11 17:55:55 INFO Thread-2 I'M WORKING
2016-11-11 17:56:05 INFO Thread-2 I'M WORKING
2016-11-11 17:56:15 INFO Thread-2 I'M WORKING
2016-11-11 17:56:25 INFO Thread-2 I'M WORKING
2016-11-11 17:56:35 INFO Thread-2 I'M WORKING
2016-11-11 17:56:45 INFO Thread-2 I'M WORKING
2016-11-11 17:56:55 INFO Thread-2 I'M WORKING
2016-11-11 17:57:05 INFO Thread-2 I'M WORKING
2016-11-11 17:57:15 INFO Thread-2 I'M WORKING
2016-11-11 17:57:25 INFO Thread-2 I'M WORKING
2016-11-11 17:57:35 INFO Thread-2 I'M WORKING
2016-11-11 17:57:45 INFO Thread-2 I'M WORKING
2016-11-11 17:57:55 INFO Thread-2 I'M WORKING
2016-11-11 17:58:05 INFO Thread-2 I'M WORKING
2016-11-11 17:58:15 INFO Thread-2 I'M WORKING
2016-11-11 17:58:25 INFO Thread-2 I'M WORKING
2016-11-11 17:58:35 INFO Thread-2 I'M WORKING
